<?xml version="1.0" encoding="UTF-8"?>
<!-- Generated by org.testng.reporters.JUnitXMLReporter -->
<testsuite ignored="1" hostname="LAPTOP-D6LMSRTE" failures="0" tests="3" name="Car Loan" time="0.048" errors="0" timestamp="2022-03-23T20:27:31 IST">
  <testcase classname="New.test" name="APIloginCarLoan" time="0.006"/>
  <testcase classname="New.test" name="MobileloginCarLoan" time="0.002"/>
  <testcase classname="New.test" name="MobilesigninCarLoan" time="0.002"/>
  <testcase classname="New.test" name="MobileloginHomeloan" time="0.0">
    <ignored/>
  </testcase> <!-- MobileloginHomeloan -->
</testsuite> <!-- Car Loan -->
