<?xml version="1.0" encoding="UTF-8"?>
<!-- Generated by org.testng.reporters.JUnitXMLReporter -->
<testsuite ignored="4" hostname="LAPTOP-D6LMSRTE" failures="0" tests="4" name="Regression" time="0.077" errors="0" timestamp="2021-10-07T11:55:45 IST">
  <testcase classname="New.Demo" name="test1" time="0.009"/>
  <testcase classname="New.test" name="APIloginCarLoan" time="0.002"/>
  <testcase classname="New.test" name="MobileloginCarLoan" time="0.001"/>
  <testcase classname="New.Lec134" name="sample2" time="0.002"/>
  <testcase classname="New.test" name="MobilesigninCarLoan" time="0.0">
    <ignored/>
  </testcase> <!-- MobilesigninCarLoan -->
  <testcase classname="New.test" name="MobileloginHomeloan" time="0.0">
    <ignored/>
  </testcase> <!-- MobileloginHomeloan -->
  <testcase classname="New.test" name="test2" time="0.0">
    <ignored/>
  </testcase> <!-- test2 -->
  <testcase classname="New.Lec134" name="sample1" time="0.0">
    <ignored/>
  </testcase> <!-- sample1 -->
</testsuite> <!-- Regression -->
