<?xml version="1.0" encoding="UTF-8"?>
<!-- Generated by org.testng.reporters.JUnitXMLReporter -->
<testsuite ignored="0" hostname="LAPTOP-D6LMSRTE" failures="0" tests="4" name="Testing parameter" time="0.06" errors="0" timestamp="2021-10-07T21:57:10 IST">
  <testcase classname="New.Testing" name="Mobilelogin" time="0.007"/>
  <testcase classname="New.Testing" name="Mobilelogin" time="0.001"/>
  <testcase classname="New.Testing" name="Mobilelogin" time="0.0"/>
  <testcase classname="New.Testing" name="parameterisation" time="0.003"/>
</testsuite> <!-- Testing parameter -->
