<?xml version="1.0" encoding="UTF-8"?>
<!-- Generated by org.testng.reporters.JUnitXMLReporter -->
<testsuite ignored="1" hostname="LAPTOP-D6LMSRTE" failures="0" tests="2" name="Test" time="0.051" errors="0" timestamp="2021-10-06T21:42:10 IST">
  <testcase classname="New.Demo" name="test1" time="0.005"/>
  <testcase classname="New.Lec134" name="sample2" time="0.002"/>
  <testcase classname="New.Lec134" name="sample1" time="0.0">
    <ignored/>
  </testcase> <!-- sample1 -->
</testsuite> <!-- Test -->
