<?xml version="1.0" encoding="UTF-8"?>
<testng-results ignored="0" total="1" passed="1" failed="0" skipped="0">
  <reporter-output>
  </reporter-output>
  <suite started-at="2021-09-24T18:50:03 IST" name="Default suite" finished-at="2021-09-24T18:50:03 IST" duration-ms="39">
    <groups>
    </groups>
    <test started-at="2021-09-24T18:50:03 IST" name="Default test" finished-at="2021-09-24T18:50:03 IST" duration-ms="39">
      <class name="Test1">
        <test-method signature="streamCollect()[pri:0, instance:Test1@96def03]" started-at="2021-09-24T18:50:03 IST" name="streamCollect" finished-at="2021-09-24T18:50:03 IST" duration-ms="9" status="PASS">
          <reporter-output>
          </reporter-output>
        </test-method> <!-- streamCollect -->
      </class> <!-- Test1 -->
    </test> <!-- Default test -->
  </suite> <!-- Default suite -->
</testng-results>
